Using pre-set license
Built from '2022.3/china_unity/release' branch; Version is '2022.3.8f1c1 (4ec8ee1b2212) revision 5163246'; Using compiler version '192829333'; Build Type 'Release'
OS: 'Windows 11  (10.0.22621) 64bit CoreCountrySpecific' Language: 'zh' Physical Memory: 16151 MB
BatchMode: 1, IsHumanControllingUs: 0, StartBugReporterOnCrash: 0, Is64bit: 1, IsPro: 1

COMMAND LINE ARGUMENTS:
E:\Program Files (x86)\Unity Editor\2022.3.8f1c1\Editor\Unity.exe
-adb2
-batchMode
-noUpm
-name
AssetImportWorker0
-projectPath
D:/Desktop/Unity Projects/CrustX_Myself
-logFile
Logs/AssetImportWorker0.log
-srvPort
52866
Successfully changed project path to: D:/Desktop/Unity Projects/CrustX_Myself
D:/Desktop/Unity Projects/CrustX_Myself
[UnityMemory] Configuration Parameters - Can be set up in boot.config
    "memorysetup-bucket-allocator-granularity=16"
    "memorysetup-bucket-allocator-bucket-count=8"
    "memorysetup-bucket-allocator-block-size=33554432"
    "memorysetup-bucket-allocator-block-count=8"
    "memorysetup-main-allocator-block-size=16777216"
    "memorysetup-thread-allocator-block-size=16777216"
    "memorysetup-gfx-main-allocator-block-size=16777216"
    "memorysetup-gfx-thread-allocator-block-size=16777216"
    "memorysetup-cache-allocator-block-size=4194304"
    "memorysetup-typetree-allocator-block-size=2097152"
    "memorysetup-profiler-bucket-allocator-granularity=16"
    "memorysetup-profiler-bucket-allocator-bucket-count=8"
    "memorysetup-profiler-bucket-allocator-block-size=33554432"
    "memorysetup-profiler-bucket-allocator-block-count=8"
    "memorysetup-profiler-allocator-block-size=16777216"
    "memorysetup-profiler-editor-allocator-block-size=1048576"
    "memorysetup-temp-allocator-size-main=16777216"
    "memorysetup-job-temp-allocator-block-size=2097152"
    "memorysetup-job-temp-allocator-block-size-background=1048576"
    "memorysetup-job-temp-allocator-reduction-small-platforms=262144"
    "memorysetup-allocator-temp-initial-block-size-main=262144"
    "memorysetup-allocator-temp-initial-block-size-worker=262144"
    "memorysetup-temp-allocator-size-background-worker=32768"
    "memorysetup-temp-allocator-size-job-worker=262144"
    "memorysetup-temp-allocator-size-preload-manager=33554432"
    "memorysetup-temp-allocator-size-nav-mesh-worker=65536"
    "memorysetup-temp-allocator-size-audio-worker=65536"
    "memorysetup-temp-allocator-size-cloud-worker=32768"
    "memorysetup-temp-allocator-size-gi-baking-worker=262144"
    "memorysetup-temp-allocator-size-gfx=262144"
Player connection [26956] Host "[IP] 172.23.0.1 [Port] 0 [Flags] 2 [Guid] 3544325393 [EditorId] 3544325393 [Version] 1048832 [Id] WindowsEditor(7,LAPTOP-419A36UA) [Debug] 1 [PackageName] WindowsEditor [ProjectName] Editor" joined multi-casting on [225.0.0.222:54997]...

Player connection [26956] Host "[IP] 172.23.0.1 [Port] 0 [Flags] 2 [Guid] 3544325393 [EditorId] 3544325393 [Version] 1048832 [Id] WindowsEditor(7,LAPTOP-419A36UA) [Debug] 1 [PackageName] WindowsEditor [ProjectName] Editor" joined alternative multi-casting on [225.0.0.222:34997]...

[Physics::Module] Initialized MultithreadedJobDispatcher with 15 workers.
Refreshing native plugins compatible for Editor in 23.00 ms, found 3 plugins.
Preloading 0 native plugins for Editor in 0.00 ms.
Initialize engine version: 2022.3.8f1c1 (4ec8ee1b2212)
[Subsystems] Discovering subsystems at path E:/Program Files (x86)/Unity Editor/2022.3.8f1c1/Editor/Data/Resources/UnitySubsystems
[Subsystems] Discovering subsystems at path D:/Desktop/Unity Projects/CrustX_Myself/Assets
GfxDevice: creating device client; threaded=0; jobified=0
Direct3D:
    Version:  Direct3D 11.0 [level 11.1]
    Renderer: NVIDIA GeForce RTX 3050 Ti Laptop GPU (ID=0x25e0)
    Vendor:   NVIDIA
    VRAM:     3990 MB
    Driver:   30.0.15.1236
Initialize mono
Mono path[0] = 'E:/Program Files (x86)/Unity Editor/2022.3.8f1c1/Editor/Data/Managed'
Mono path[1] = 'E:/Program Files (x86)/Unity Editor/2022.3.8f1c1/Editor/Data/MonoBleedingEdge/lib/mono/unityjit-win32'
Mono config path = 'E:/Program Files (x86)/Unity Editor/2022.3.8f1c1/Editor/Data/MonoBleedingEdge/etc'
Using monoOptions --debugger-agent=transport=dt_socket,embedding=1,server=y,suspend=n,address=127.0.0.1:56288
Begin MonoManager ReloadAssembly
Registering precompiled unity dll's ...
Register platform support module: E:/Program Files (x86)/Unity Editor/2022.3.8f1c1/Editor/Data/PlaybackEngines/WindowsStandaloneSupport/UnityEditor.WindowsStandalone.Extensions.dll
Registered in 0.009375 seconds.
- Loaded All Assemblies, in  0.500 seconds
Native extension for WindowsStandalone target not found
Mono: successfully reloaded assembly
- Finished resetting the current domain, in  0.304 seconds
Domain Reload Profiling: 799ms
	BeginReloadAssembly (189ms)
		ExecutionOrderSort (0ms)
		DisableScriptedObjects (0ms)
		BackupInstance (0ms)
		ReleaseScriptingObjects (0ms)
		CreateAndSetChildDomain (1ms)
	RebuildCommonClasses (41ms)
	RebuildNativeTypeToScriptingClass (12ms)
	initialDomainReloadingComplete (84ms)
	LoadAllAssembliesAndSetupDomain (168ms)
		LoadAssemblies (178ms)
		RebuildTransferFunctionScriptingTraits (0ms)
		AnalyzeDomain (164ms)
			TypeCache.Refresh (163ms)
				TypeCache.ScanAssembly (144ms)
			ScanForSourceGeneratedMonoScriptInfo (0ms)
			ResolveRequiredComponents (0ms)
	FinalizeReload (305ms)
		ReleaseScriptCaches (0ms)
		RebuildScriptCaches (0ms)
		SetupLoadedEditorAssemblies (232ms)
			LogAssemblyErrors (0ms)
			InitializePlatformSupportModulesInManaged (12ms)
			SetLoadedEditorAssemblies (9ms)
			RefreshPlugins (0ms)
			BeforeProcessingInitializeOnLoad (3ms)
			ProcessInitializeOnLoadAttributes (150ms)
			ProcessInitializeOnLoadMethodAttributes (58ms)
			AfterProcessingInitializeOnLoad (0ms)
			EditorAssembliesLoaded (0ms)
		ExecutionOrderSort2 (0ms)
		AwakeInstancesAfterBackupRestoration (0ms)
========================================================================
Worker process is ready to serve import requests
Begin MonoManager ReloadAssembly
- Loaded All Assemblies, in  0.845 seconds
Refreshing native plugins compatible for Editor in 9.18 ms, found 3 plugins.
Native extension for WindowsStandalone target not found
Package Manager log level set to [2]
[Package Manager] Server::EnsureServerProcessIsRunning -- launch failed, reason: Unity was launched with the -noUpm command-line argument
[Package Manager] UpmClient::Send -- Unable to send message (not connected to UPM process).
[Package Manager] Cannot connect to Unity Package Manager local server
Mono: successfully reloaded assembly
- Finished resetting the current domain, in  0.838 seconds
Domain Reload Profiling: 1671ms
	BeginReloadAssembly (219ms)
		ExecutionOrderSort (0ms)
		DisableScriptedObjects (6ms)
		BackupInstance (0ms)
		ReleaseScriptingObjects (0ms)
		CreateAndSetChildDomain (31ms)
	RebuildCommonClasses (36ms)
	RebuildNativeTypeToScriptingClass (10ms)
	initialDomainReloadingComplete (64ms)
	LoadAllAssembliesAndSetupDomain (503ms)
		LoadAssemblies (437ms)
		RebuildTransferFunctionScriptingTraits (0ms)
		AnalyzeDomain (197ms)
			TypeCache.Refresh (174ms)
				TypeCache.ScanAssembly (157ms)
			ScanForSourceGeneratedMonoScriptInfo (16ms)
			ResolveRequiredComponents (4ms)
	FinalizeReload (839ms)
		ReleaseScriptCaches (0ms)
		RebuildScriptCaches (0ms)
		SetupLoadedEditorAssemblies (672ms)
			LogAssemblyErrors (0ms)
			InitializePlatformSupportModulesInManaged (7ms)
			SetLoadedEditorAssemblies (4ms)
			RefreshPlugins (0ms)
			BeforeProcessingInitializeOnLoad (82ms)
			ProcessInitializeOnLoadAttributes (538ms)
			ProcessInitializeOnLoadMethodAttributes (19ms)
			AfterProcessingInitializeOnLoad (21ms)
			EditorAssembliesLoaded (0ms)
		ExecutionOrderSort2 (0ms)
		AwakeInstancesAfterBackupRestoration (8ms)
Launched and connected shader compiler UnityShaderCompiler.exe after 0.08 seconds
Refreshing native plugins compatible for Editor in 8.44 ms, found 3 plugins.
Preloading 0 native plugins for Editor in 0.00 ms.
Unloading 3153 Unused Serialized files (Serialized files now loaded: 0)
Unloading 31 unused Assets / (56.4 KB). Loaded Objects now: 3615.
Memory consumption went from 134.4 MB to 134.3 MB.
Total: 4.669700 ms (FindLiveObjects: 0.390100 ms CreateObjectMapping: 0.143000 ms MarkObjects: 4.023900 ms  DeleteObjects: 0.110900 ms)

AssetImportParameters requested are different than current active one (requested -> active):
  custom:container-demuxer-ogg: 62fdf1f143b41e24485cea50d1cbac27 -> 
  custom:video-codec-MediaFoundation-h265: 746d11721c4dcdbdad8f713fa42b33f4 -> 
  custom:video-decoder-ogg-theora: a1e56fd34408186e4bbccfd4996cb3dc -> 
  custom:framework-win-MediaFoundation: 216162199b28c13a410421893ffa2e32 -> 
  custom:container-demuxer-webm: 4f35f7cbe854078d1ac9338744f61a02 -> 
  custom:container-muxer-webm: aa71ff27fc2769a1b78a27578f13a17b -> 
  custom:video-decoder-webm-vp8: 9c59270c3fd7afecdb556c50c9e8de78 -> 
  custom:SearchIndexIgnoredProperties: e643bd26f0fe6173181afceb89e7c659 -> 
  custom:AudioImporter_EditorPlatform: d09bf68614088b80899f8185d706f6e7 -> 
  custom:video-encoder-webm-vp8: eb34c28f22e8b96e1ab97ce403110664 -> 
  custom:audio-decoder-ogg-vorbis: bf7c407c2cedff20999df2af8eb42d56 -> 
  custom:audio-encoder-webm-vorbis: bf7c407c2cedff20999df2af8eb42d56 -> 
========================================================================
Received Import Request.
  Time since last request: 2654.757597 seconds.
  path: Assets/Assets
  artifactKey: Guid(bbf37c58adef1d840ba0740d75f06143) Importer(815301076,1909f56bfc062723c751e8b465ee728b)
Start importing Assets/Assets using Guid(bbf37c58adef1d840ba0740d75f06143) Importer(815301076,1909f56bfc062723c751e8b465ee728b)  -> (artifact id: 'fbd341d0f5deb8cd7cca9486b6b0e329') in 0.003354 seconds
Number of updated asset objects reloaded before import = 0
Number of asset objects unloaded after import = 0
========================================================================
Received Import Request.
  Time since last request: 0.000026 seconds.
  path: Assets/Assets/CS_Scripts
  artifactKey: Guid(86721b5983abc5045ab0e76499ba00fd) Importer(815301076,1909f56bfc062723c751e8b465ee728b)
Start importing Assets/Assets/CS_Scripts using Guid(86721b5983abc5045ab0e76499ba00fd) Importer(815301076,1909f56bfc062723c751e8b465ee728b)  -> (artifact id: 'fe899078cebcb9670e64c8a278461b26') in 0.000443 seconds
Number of updated asset objects reloaded before import = 0
Number of asset objects unloaded after import = 0
========================================================================
Received Import Request.
  Time since last request: 16.483141 seconds.
  path: Assets/Assets/NewShader/CGLighting.cginc
  artifactKey: Guid(9407571d73e784ceb87b7df4d21eefb3) Importer(815301076,1909f56bfc062723c751e8b465ee728b)
Start importing Assets/Assets/NewShader/CGLighting.cginc using Guid(9407571d73e784ceb87b7df4d21eefb3) Importer(815301076,1909f56bfc062723c751e8b465ee728b)  -> (artifact id: '60b37341a0f4f888f7d7a0212a9e0b5e') in 0.011514 seconds
Number of updated asset objects reloaded before import = 0
Number of asset objects unloaded after import = 1
========================================================================
Received Import Request.
  Time since last request: 0.000264 seconds.
  path: Assets/Assets/NewShader/CGLightingTextureAmbientIBLDiffuseSpecularFresnel.cginc
  artifactKey: Guid(f161a2956d1794a3d9ed1a76402edde6) Importer(815301076,1909f56bfc062723c751e8b465ee728b)
Start importing Assets/Assets/NewShader/CGLightingTextureAmbientIBLDiffuseSpecularFresnel.cginc using Guid(f161a2956d1794a3d9ed1a76402edde6) Importer(815301076,1909f56bfc062723c751e8b465ee728b)  -> (artifact id: 'e7ca1cc51b355294374e250a04cefd06') in 0.001956 seconds
Number of updated asset objects reloaded before import = 0
Number of asset objects unloaded after import = 1
========================================================================
Received Import Request.
  Time since last request: 0.000029 seconds.
  path: Assets/Assets/NewShader/CGLightingTextureAmbientIBLReflect.cginc
  artifactKey: Guid(5c1bbdd82340d403b8e8a8a53e368b2b) Importer(815301076,1909f56bfc062723c751e8b465ee728b)
Start importing Assets/Assets/NewShader/CGLightingTextureAmbientIBLReflect.cginc using Guid(5c1bbdd82340d403b8e8a8a53e368b2b) Importer(815301076,1909f56bfc062723c751e8b465ee728b)  -> (artifact id: 'bcaef4e5d4aa64e6fea5f7cb606c6cc8') in 0.001924 seconds
Number of updated asset objects reloaded before import = 0
Number of asset objects unloaded after import = 1
========================================================================
Received Import Request.
  Time since last request: 0.008436 seconds.
  path: Assets/Assets/NewShader/CGSky.mat
  artifactKey: Guid(bfa0b1b26dcdf412686220852498985b) Importer(815301076,1909f56bfc062723c751e8b465ee728b)
Start importing Assets/Assets/NewShader/CGSky.mat using Guid(bfa0b1b26dcdf412686220852498985b) Importer(815301076,1909f56bfc062723c751e8b465ee728b)  -> (artifact id: 'bce50734e1b39ba4a94b0d9b2be8df56') in 0.130630 seconds
Number of updated asset objects reloaded before import = 0
Number of asset objects unloaded after import = 1
========================================================================
Received Import Request.
  Time since last request: 0.000043 seconds.
  path: Assets/Assets/NewShader/HeightmapDisplacementWave.mat
  artifactKey: Guid(6e5abccb2b4f54a33a1bc0d9fe1f1184) Importer(815301076,1909f56bfc062723c751e8b465ee728b)
Start importing Assets/Assets/NewShader/HeightmapDisplacementWave.mat using Guid(6e5abccb2b4f54a33a1bc0d9fe1f1184) Importer(815301076,1909f56bfc062723c751e8b465ee728b)  -> (artifact id: '2da91f56e5eb38fc4bd6867b1faed197') in 0.017366 seconds
Number of updated asset objects reloaded before import = 0
Number of asset objects unloaded after import = 1
========================================================================
Received Import Request.
  Time since last request: 0.000100 seconds.
  path: Assets/Assets/NewShader/CGLightingTextureNormalIBLAmbient.cginc
  artifactKey: Guid(76e6fa46d3a714e4ca943ce8a6c1d2c7) Importer(815301076,1909f56bfc062723c751e8b465ee728b)
Start importing Assets/Assets/NewShader/CGLightingTextureNormalIBLAmbient.cginc using Guid(76e6fa46d3a714e4ca943ce8a6c1d2c7) Importer(815301076,1909f56bfc062723c751e8b465ee728b)  -> (artifact id: 'fce058dc7a3f57bfef2fccd3626999be') in 0.001620 seconds
Number of updated asset objects reloaded before import = 0
Number of asset objects unloaded after import = 1
========================================================================
Received Import Request.
  Time since last request: 0.000039 seconds.
  path: Assets/Assets/NewShader/EarthHeightNormal.mat
  artifactKey: Guid(689990adf7b404c9ba45c3922339a0a1) Importer(815301076,1909f56bfc062723c751e8b465ee728b)
Start importing Assets/Assets/NewShader/EarthHeightNormal.mat using Guid(689990adf7b404c9ba45c3922339a0a1) Importer(815301076,1909f56bfc062723c751e8b465ee728b)  -> (artifact id: 'aa0e889f61ba48d6616bab76f7f0607a') in 0.101838 seconds
Number of updated asset objects reloaded before import = 0
Number of asset objects unloaded after import = 1
========================================================================
Received Import Request.
  Time since last request: 0.352790 seconds.
  path: Assets/Assets/NewShader/SingleColor.mat
  artifactKey: Guid(d7f11ba21f64741309d7757f6b76985d) Importer(815301076,1909f56bfc062723c751e8b465ee728b)
Start importing Assets/Assets/NewShader/SingleColor.mat using Guid(d7f11ba21f64741309d7757f6b76985d) Importer(815301076,1909f56bfc062723c751e8b465ee728b)  -> (artifact id: 'c45c521d215183ab904242c1eaf0fad8') in 0.016876 seconds
Number of updated asset objects reloaded before import = 0
Number of asset objects unloaded after import = 1
========================================================================
Received Import Request.
  Time since last request: 0.000531 seconds.
  path: Assets/Assets/NewShader/Sq02.mat
  artifactKey: Guid(643b83754a0fc4a3ab18a53a32e36666) Importer(815301076,1909f56bfc062723c751e8b465ee728b)
Start importing Assets/Assets/NewShader/Sq02.mat using Guid(643b83754a0fc4a3ab18a53a32e36666) Importer(815301076,1909f56bfc062723c751e8b465ee728b)  -> (artifact id: '118bc30ae544b837e7500fac764b26e3') in 0.015513 seconds
Number of updated asset objects reloaded before import = 0
Number of asset objects unloaded after import = 1
========================================================================
Received Import Request.
  Time since last request: 0.161046 seconds.
  path: Assets/Assets/NewShader/Sq03.mat
  artifactKey: Guid(93675cb0c39754bb0ad95439a8d9d39f) Importer(815301076,1909f56bfc062723c751e8b465ee728b)
Start importing Assets/Assets/NewShader/Sq03.mat using Guid(93675cb0c39754bb0ad95439a8d9d39f) Importer(815301076,1909f56bfc062723c751e8b465ee728b)  -> (artifact id: 'acf24e325658c5ee51878b8e873a2ffa') in 0.017706 seconds
Number of updated asset objects reloaded before import = 0
Number of asset objects unloaded after import = 1
========================================================================
Received Import Request.
  Time since last request: 0.000109 seconds.
  path: Assets/Assets/NewShader/Sq05.mat
  artifactKey: Guid(5b3b9853c0dab48e3a7e47a5deda9d21) Importer(815301076,1909f56bfc062723c751e8b465ee728b)
Start importing Assets/Assets/NewShader/Sq05.mat using Guid(5b3b9853c0dab48e3a7e47a5deda9d21) Importer(815301076,1909f56bfc062723c751e8b465ee728b)  -> (artifact id: '7cbdebfd75840773fa7b882169d16ef4') in 0.015040 seconds
Number of updated asset objects reloaded before import = 0
Number of asset objects unloaded after import = 1
========================================================================
Received Import Request.
  Time since last request: 0.165625 seconds.
  path: Assets/Assets/NewShader/Sq07.mat
  artifactKey: Guid(0d179630186be4a548af642bee7a63c4) Importer(815301076,1909f56bfc062723c751e8b465ee728b)
Start importing Assets/Assets/NewShader/Sq07.mat using Guid(0d179630186be4a548af642bee7a63c4) Importer(815301076,1909f56bfc062723c751e8b465ee728b)  -> (artifact id: 'e5a8865cc44ae2b6e78d81cd1e3015da') in 0.018125 seconds
Number of updated asset objects reloaded before import = 0
Number of asset objects unloaded after import = 1
========================================================================
Received Import Request.
  Time since last request: 0.000072 seconds.
  path: Assets/Assets/NewShader/Sq10.mat
  artifactKey: Guid(25db1501bddc44ca0b9270fe94dba511) Importer(815301076,1909f56bfc062723c751e8b465ee728b)
Start importing Assets/Assets/NewShader/Sq10.mat using Guid(25db1501bddc44ca0b9270fe94dba511) Importer(815301076,1909f56bfc062723c751e8b465ee728b)  -> (artifact id: 'b5a7f9b5fc7ee137f878016d0b1bd1bb') in 0.038530 seconds
Number of updated asset objects reloaded before import = 0
Number of asset objects unloaded after import = 1
========================================================================
Received Import Request.
  Time since last request: 0.038183 seconds.
  path: Assets/Assets/NewShader/Sq11.mat
  artifactKey: Guid(9ef69b2ae4a3046979b9778b1458c107) Importer(815301076,1909f56bfc062723c751e8b465ee728b)
Start importing Assets/Assets/NewShader/Sq11.mat using Guid(9ef69b2ae4a3046979b9778b1458c107) Importer(815301076,1909f56bfc062723c751e8b465ee728b)  -> (artifact id: '3d91276d50d80413b885b315f055d0c8') in 0.018968 seconds
Number of updated asset objects reloaded before import = 0
Number of asset objects unloaded after import = 1
========================================================================
Received Import Request.
  Time since last request: 0.000027 seconds.
  path: Assets/Assets/NewShader/Sq15.mat
  artifactKey: Guid(023cea31a009e4362b6b3b3aafb85732) Importer(815301076,1909f56bfc062723c751e8b465ee728b)
Start importing Assets/Assets/NewShader/Sq15.mat using Guid(023cea31a009e4362b6b3b3aafb85732) Importer(815301076,1909f56bfc062723c751e8b465ee728b)  -> (artifact id: '0a6cb15e841d2c60dcdf4f1f0e654260') in 0.020101 seconds
Number of updated asset objects reloaded before import = 0
Number of asset objects unloaded after import = 1
========================================================================
Received Import Request.
  Time since last request: 0.000253 seconds.
  path: Assets/Assets/NewShader/Sq16.mat
  artifactKey: Guid(c8bc02b9f660849c8b9f6c2483f6bd30) Importer(815301076,1909f56bfc062723c751e8b465ee728b)
Start importing Assets/Assets/NewShader/Sq16.mat using Guid(c8bc02b9f660849c8b9f6c2483f6bd30) Importer(815301076,1909f56bfc062723c751e8b465ee728b)  -> (artifact id: '0a859cc9adc838f275c700813b8a7b04') in 0.019909 seconds
Number of updated asset objects reloaded before import = 0
Number of asset objects unloaded after import = 1
========================================================================
Received Import Request.
  Time since last request: 0.000068 seconds.
  path: Assets/Assets/NewShader/Sq18.mat
  artifactKey: Guid(5b59bf3776acc4e91bac953b315b6b57) Importer(815301076,1909f56bfc062723c751e8b465ee728b)
Start importing Assets/Assets/NewShader/Sq18.mat using Guid(5b59bf3776acc4e91bac953b315b6b57) Importer(815301076,1909f56bfc062723c751e8b465ee728b)  -> (artifact id: '22b059ce43e2c5043cfc857506cd3670') in 0.021302 seconds
Number of updated asset objects reloaded before import = 0
Number of asset objects unloaded after import = 1
========================================================================
Received Import Request.
  Time since last request: 0.111167 seconds.
  path: Assets/Assets/NewShader/Tex02.mat
  artifactKey: Guid(cc2b456ae5f9b4389a607cb758883128) Importer(815301076,1909f56bfc062723c751e8b465ee728b)
Start importing Assets/Assets/NewShader/Tex02.mat using Guid(cc2b456ae5f9b4389a607cb758883128) Importer(815301076,1909f56bfc062723c751e8b465ee728b)  -> (artifact id: 'fb1f963e1de9f92f01e9b9422efc8e7b') in 0.029610 seconds
Number of updated asset objects reloaded before import = 0
Number of asset objects unloaded after import = 1
========================================================================
Received Import Request.
  Time since last request: 0.000038 seconds.
  path: Assets/Assets/NewShader/Tex04.mat
  artifactKey: Guid(358feeab2888b4613bfe30ac96cb0e8e) Importer(815301076,1909f56bfc062723c751e8b465ee728b)
Start importing Assets/Assets/NewShader/Tex04.mat using Guid(358feeab2888b4613bfe30ac96cb0e8e) Importer(815301076,1909f56bfc062723c751e8b465ee728b)  -> (artifact id: '6e6258020f41fd3e971cb0ac4c32d023') in 0.014707 seconds
Number of updated asset objects reloaded before import = 0
Number of asset objects unloaded after import = 1
========================================================================
Received Import Request.
  Time since last request: 0.000028 seconds.
  path: Assets/Assets/NewShader/Tex06.mat
  artifactKey: Guid(5092ff3ffe5e640b2abade8aab2a11dd) Importer(815301076,1909f56bfc062723c751e8b465ee728b)
Start importing Assets/Assets/NewShader/Tex06.mat using Guid(5092ff3ffe5e640b2abade8aab2a11dd) Importer(815301076,1909f56bfc062723c751e8b465ee728b)  -> (artifact id: 'fe86a3479f0199cca46ca813143acbbb') in 0.012771 seconds
Number of updated asset objects reloaded before import = 0
Number of asset objects unloaded after import = 1
========================================================================
Received Import Request.
  Time since last request: 0.000039 seconds.
  path: Assets/Assets/NewShader/Tex10.mat
  artifactKey: Guid(4b2c4ebd6c7e540749aabf60a95e8a46) Importer(815301076,1909f56bfc062723c751e8b465ee728b)
Start importing Assets/Assets/NewShader/Tex10.mat using Guid(4b2c4ebd6c7e540749aabf60a95e8a46) Importer(815301076,1909f56bfc062723c751e8b465ee728b)  -> (artifact id: '017ebdc0fc6d4e96217409a807ea0625') in 0.019233 seconds
Number of updated asset objects reloaded before import = 0
Number of asset objects unloaded after import = 1
========================================================================
Received Import Request.
  Time since last request: 0.000028 seconds.
  path: Assets/Assets/NewShader/Tex05.mat
  artifactKey: Guid(67a05cdb1a94e4ebea98ba6a3eff6982) Importer(815301076,1909f56bfc062723c751e8b465ee728b)
Start importing Assets/Assets/NewShader/Tex05.mat using Guid(67a05cdb1a94e4ebea98ba6a3eff6982) Importer(815301076,1909f56bfc062723c751e8b465ee728b)  -> (artifact id: '98c5608bf4d2b1457c0c024761fb7504') in 0.013812 seconds
Number of updated asset objects reloaded before import = 0
Number of asset objects unloaded after import = 1
========================================================================
Received Import Request.
  Time since last request: 0.000043 seconds.
  path: Assets/Assets/NewShader/Tex13.mat
  artifactKey: Guid(bf8035c7288dc466bb1dcb6e0defead2) Importer(815301076,1909f56bfc062723c751e8b465ee728b)
Start importing Assets/Assets/NewShader/Tex13.mat using Guid(bf8035c7288dc466bb1dcb6e0defead2) Importer(815301076,1909f56bfc062723c751e8b465ee728b)  -> (artifact id: '206eaddfa6fddb763066b14b03ceeba9') in 0.096480 seconds
Number of updated asset objects reloaded before import = 0
Number of asset objects unloaded after import = 1
========================================================================
Received Import Request.
  Time since last request: 0.108570 seconds.
  path: Assets/Assets/NewShader/Tex15.mat
  artifactKey: Guid(05dbf62b5bd424436a7912f4d89f88ed) Importer(815301076,1909f56bfc062723c751e8b465ee728b)
Start importing Assets/Assets/NewShader/Tex15.mat using Guid(05dbf62b5bd424436a7912f4d89f88ed) Importer(815301076,1909f56bfc062723c751e8b465ee728b)  -> (artifact id: 'acf33508f2512b8e2372f1f5c942ead8') in 0.109994 seconds
Number of updated asset objects reloaded before import = 0
Number of asset objects unloaded after import = 3
========================================================================
Received Import Request.
  Time since last request: 0.000027 seconds.
  path: Assets/Assets/NewShader/WaveOnlyHeightVertRemap.mat
  artifactKey: Guid(ab127353f682c4c13bdd061d6eca944d) Importer(815301076,1909f56bfc062723c751e8b465ee728b)
Start importing Assets/Assets/NewShader/WaveOnlyHeightVertRemap.mat using Guid(ab127353f682c4c13bdd061d6eca944d) Importer(815301076,1909f56bfc062723c751e8b465ee728b)  -> (artifact id: 'a4425a4006b464b51419a03e262fd930') in 0.018986 seconds
Number of updated asset objects reloaded before import = 0
Number of asset objects unloaded after import = 1
========================================================================
Received Import Request.
  Time since last request: 0.000054 seconds.
  path: Assets/Assets/NewShader/TwoColor.mat
  artifactKey: Guid(a6ebc50f7cfef46009a82b025b518221) Importer(815301076,1909f56bfc062723c751e8b465ee728b)
Start importing Assets/Assets/NewShader/TwoColor.mat using Guid(a6ebc50f7cfef46009a82b025b518221) Importer(815301076,1909f56bfc062723c751e8b465ee728b)  -> (artifact id: 'a33b6e218f036a95747d749b433713fb') in 0.018899 seconds
Number of updated asset objects reloaded before import = 0
Number of asset objects unloaded after import = 1
========================================================================
Received Import Request.
  Time since last request: 0.000039 seconds.
  path: Assets/Assets/NewShader/Unlit_Texture.mat
  artifactKey: Guid(137bd0741178e41f9b7290164395fcea) Importer(815301076,1909f56bfc062723c751e8b465ee728b)
Start importing Assets/Assets/NewShader/Unlit_Texture.mat using Guid(137bd0741178e41f9b7290164395fcea) Importer(815301076,1909f56bfc062723c751e8b465ee728b)  -> (artifact id: 'c9e3ce3dc1904cb074fed27bd360f466') in 0.014751 seconds
Number of updated asset objects reloaded before import = 0
Number of asset objects unloaded after import = 1
========================================================================
Received Import Request.
  Time since last request: 0.000041 seconds.
  path: Assets/Assets/NewShader/WaveTwoColor.mat
  artifactKey: Guid(b094fb690fed044be8aea409d638bb53) Importer(815301076,1909f56bfc062723c751e8b465ee728b)
Start importing Assets/Assets/NewShader/WaveTwoColor.mat using Guid(b094fb690fed044be8aea409d638bb53) Importer(815301076,1909f56bfc062723c751e8b465ee728b)  -> (artifact id: '51ae288a66a5ec3ca15bc1d8e922f92c') in 0.015172 seconds
Number of updated asset objects reloaded before import = 0
Number of asset objects unloaded after import = 1
========================================================================
Received Import Request.
  Time since last request: 0.000085 seconds.
  path: Assets/Assets/NewShader/Tex18.mat
  artifactKey: Guid(24d7d908ee7674dfea47616a124c9ba8) Importer(815301076,1909f56bfc062723c751e8b465ee728b)
Start importing Assets/Assets/NewShader/Tex18.mat using Guid(24d7d908ee7674dfea47616a124c9ba8) Importer(815301076,1909f56bfc062723c751e8b465ee728b)  -> (artifact id: 'a93b1697c5d4769302ca9504baf2a367') in 0.078881 seconds
Number of updated asset objects reloaded before import = 0
Number of asset objects unloaded after import = 1
========================================================================
Received Import Request.
  Time since last request: 1.505040 seconds.
  path: Assets/Assets/Shader/Unlit_Shader2.mat
  artifactKey: Guid(7ddc7db956af8ed41b7897bff808065d) Importer(815301076,1909f56bfc062723c751e8b465ee728b)
Start importing Assets/Assets/Shader/Unlit_Shader2.mat using Guid(7ddc7db956af8ed41b7897bff808065d) Importer(815301076,1909f56bfc062723c751e8b465ee728b)  -> (artifact id: 'b904d87ae20351c57172c27a658e6f9b') in 0.021403 seconds
Number of updated asset objects reloaded before import = 0
Number of asset objects unloaded after import = 1
========================================================================
Received Import Request.
  Time since last request: 0.000055 seconds.
  path: Assets/Assets/Shader/Unlit_Shader14.mat
  artifactKey: Guid(2d6ea43defd178445abf5f42ff1df5a6) Importer(815301076,1909f56bfc062723c751e8b465ee728b)
Start importing Assets/Assets/Shader/Unlit_Shader14.mat using Guid(2d6ea43defd178445abf5f42ff1df5a6) Importer(815301076,1909f56bfc062723c751e8b465ee728b)  -> (artifact id: '048c76aae09a43224fea23f132cbe460') in 0.018534 seconds
Number of updated asset objects reloaded before import = 0
Number of asset objects unloaded after import = 1
========================================================================
Received Import Request.
  Time since last request: 0.000073 seconds.
  path: Assets/Assets/Shader/Unlit_Shader13.mat
  artifactKey: Guid(88b3b0883e4da4748a0ff1cc801e2623) Importer(815301076,1909f56bfc062723c751e8b465ee728b)
Start importing Assets/Assets/Shader/Unlit_Shader13.mat using Guid(88b3b0883e4da4748a0ff1cc801e2623) Importer(815301076,1909f56bfc062723c751e8b465ee728b)  -> (artifact id: '8014b0e5c2a27588a80a1c8dfa069c2d') in 0.020736 seconds
Number of updated asset objects reloaded before import = 0
Number of asset objects unloaded after import = 1
========================================================================
Received Import Request.
  Time since last request: 0.000027 seconds.
  path: Assets/Assets/Shader/Unlit_Shader6.mat
  artifactKey: Guid(0f485fc149bf5a241848215359f4af27) Importer(815301076,1909f56bfc062723c751e8b465ee728b)
Start importing Assets/Assets/Shader/Unlit_Shader6.mat using Guid(0f485fc149bf5a241848215359f4af27) Importer(815301076,1909f56bfc062723c751e8b465ee728b)  -> (artifact id: '7af692136d64250c9b88bcb0a4535839') in 0.019396 seconds
Number of updated asset objects reloaded before import = 0
Number of asset objects unloaded after import = 1
========================================================================
Received Import Request.
  Time since last request: 0.000038 seconds.
  path: Assets/Assets/Shader/Unlit_WorldShader.mat
  artifactKey: Guid(1d4c629b6830e574188fcbe075c28e2e) Importer(815301076,1909f56bfc062723c751e8b465ee728b)
Start importing Assets/Assets/Shader/Unlit_WorldShader.mat using Guid(1d4c629b6830e574188fcbe075c28e2e) Importer(815301076,1909f56bfc062723c751e8b465ee728b)  -> (artifact id: '7e3415192fa57478df137bd751f95996') in 0.022898 seconds
Number of updated asset objects reloaded before import = 0
Number of asset objects unloaded after import = 2
========================================================================
Received Import Request.
  Time since last request: 0.000042 seconds.
  path: Assets/Assets/Shader/Unlit_Shader8.mat
  artifactKey: Guid(eb928f72bc08db94ea0b0f76a7eccc24) Importer(815301076,1909f56bfc062723c751e8b465ee728b)
Start importing Assets/Assets/Shader/Unlit_Shader8.mat using Guid(eb928f72bc08db94ea0b0f76a7eccc24) Importer(815301076,1909f56bfc062723c751e8b465ee728b)  -> (artifact id: 'c5a40f2ee7d3dd335ada445182c7604c') in 0.016851 seconds
Number of updated asset objects reloaded before import = 0
Number of asset objects unloaded after import = 1
========================================================================
Received Import Request.
  Time since last request: 0.000067 seconds.
  path: Assets/Assets/Shader/Unlit_Shader5.mat
  artifactKey: Guid(4354d1d5b275f5342ae7a26b707728d0) Importer(815301076,1909f56bfc062723c751e8b465ee728b)
Start importing Assets/Assets/Shader/Unlit_Shader5.mat using Guid(4354d1d5b275f5342ae7a26b707728d0) Importer(815301076,1909f56bfc062723c751e8b465ee728b)  -> (artifact id: '6494293a0bc577f7ee5fa0ed921b7ff6') in 0.020033 seconds
Number of updated asset objects reloaded before import = 0
Number of asset objects unloaded after import = 1
========================================================================
Received Import Request.
  Time since last request: 1.972297 seconds.
  path: Assets/Assets/Shader/Unlit_Shader1.mat
  artifactKey: Guid(68f07e793499a314c9d11d4a22c209fc) Importer(815301076,1909f56bfc062723c751e8b465ee728b)
Start importing Assets/Assets/Shader/Unlit_Shader1.mat using Guid(68f07e793499a314c9d11d4a22c209fc) Importer(815301076,1909f56bfc062723c751e8b465ee728b)  -> (artifact id: '3eebf5999cb4f504970e436ffb8953fb') in 0.053429 seconds
Number of updated asset objects reloaded before import = 0
Number of asset objects unloaded after import = 1
========================================================================
Received Prepare
Refreshing native plugins compatible for Editor in 8.24 ms, found 3 plugins.
Preloading 0 native plugins for Editor in 0.00 ms.
Unloading 0 Unused Serialized files (Serialized files now loaded: 0)
Unloading 1 unused Assets / (0.8 KB). Loaded Objects now: 3657.
Memory consumption went from 73.5 MB to 73.5 MB.
Total: 8.007500 ms (FindLiveObjects: 0.835800 ms CreateObjectMapping: 0.638900 ms MarkObjects: 6.492200 ms  DeleteObjects: 0.038500 ms)

Prepare: number of updated asset objects reloaded= 0
AssetImportParameters requested are different than current active one (requested -> active):
  custom:container-demuxer-ogg: 62fdf1f143b41e24485cea50d1cbac27 -> 
  custom:video-codec-MediaFoundation-h265: 746d11721c4dcdbdad8f713fa42b33f4 -> 
  custom:video-decoder-ogg-theora: a1e56fd34408186e4bbccfd4996cb3dc -> 
  custom:framework-win-MediaFoundation: 216162199b28c13a410421893ffa2e32 -> 
  custom:CustomObjectIndexerAttribute: 756ad292c208cfabdd7b50bc23989ffe -> 
  custom:container-demuxer-webm: 4f35f7cbe854078d1ac9338744f61a02 -> 
  custom:container-muxer-webm: aa71ff27fc2769a1b78a27578f13a17b -> 
  custom:video-decoder-webm-vp8: 9c59270c3fd7afecdb556c50c9e8de78 -> 
  custom:SearchIndexIgnoredProperties: e643bd26f0fe6173181afceb89e7c659 -> 
  custom:AudioImporter_EditorPlatform: d09bf68614088b80899f8185d706f6e7 -> 
  custom:video-encoder-webm-vp8: eb34c28f22e8b96e1ab97ce403110664 -> 
  custom:audio-decoder-ogg-vorbis: bf7c407c2cedff20999df2af8eb42d56 -> 
  custom:audio-encoder-webm-vorbis: bf7c407c2cedff20999df2af8eb42d56 -> 
========================================================================
Received Import Request.
  Time since last request: 271.410993 seconds.
  path: Assets/Assets/Graph/TopoBathy.jpg
  artifactKey: Guid(34177aff91aa83146a4f636245e0a3e5) Importer(815301076,1909f56bfc062723c751e8b465ee728b)
Start importing Assets/Assets/Graph/TopoBathy.jpg using Guid(34177aff91aa83146a4f636245e0a3e5) Importer(815301076,1909f56bfc062723c751e8b465ee728b)  -> (artifact id: '866738afe926f7c0f6240bf66f5b4d79') in 0.035311 seconds
Number of updated asset objects reloaded before import = 0
Number of asset objects unloaded after import = 2
========================================================================
Received Import Request.
  Time since last request: 15.899767 seconds.
  path: Assets/Assets/NewShader/Sq20.mat
  artifactKey: Guid(bd63bbf1763814cdeaebee8fa3d8cf8a) Importer(815301076,1909f56bfc062723c751e8b465ee728b)
Start importing Assets/Assets/NewShader/Sq20.mat using Guid(bd63bbf1763814cdeaebee8fa3d8cf8a) Importer(815301076,1909f56bfc062723c751e8b465ee728b)  -> (artifact id: '1c12f998afa9005091583a903e418f20') in 0.017706 seconds
Number of updated asset objects reloaded before import = 0
Number of asset objects unloaded after import = 1
========================================================================
Received Import Request.
  Time since last request: 0.000043 seconds.
  path: Assets/Assets/NewShader/Sq21.mat
  artifactKey: Guid(d993ed8d849cc4301a9bec7418316edb) Importer(815301076,1909f56bfc062723c751e8b465ee728b)
Start importing Assets/Assets/NewShader/Sq21.mat using Guid(d993ed8d849cc4301a9bec7418316edb) Importer(815301076,1909f56bfc062723c751e8b465ee728b)  -> (artifact id: '4e6b7e3474924b2ddd13816d8ff189a6') in 0.016919 seconds
Number of updated asset objects reloaded before import = 0
Number of asset objects unloaded after import = 1
========================================================================
Received Prepare
Begin MonoManager ReloadAssembly
- Loaded All Assemblies, in  0.673 seconds
Refreshing native plugins compatible for Editor in 8.76 ms, found 3 plugins.
Native extension for WindowsStandalone target not found
[Package Manager] Server::EnsureServerProcessIsRunning -- launch failed, reason: Unity was launched with the -noUpm command-line argument
[Package Manager] UpmClient::Send -- Unable to send message (not connected to UPM process).
[Package Manager] Cannot connect to Unity Package Manager local server
Mono: successfully reloaded assembly
- Finished resetting the current domain, in  1.499 seconds
Domain Reload Profiling: 2158ms
	BeginReloadAssembly (243ms)
		ExecutionOrderSort (0ms)
		DisableScriptedObjects (5ms)
		BackupInstance (0ms)
		ReleaseScriptingObjects (0ms)
		CreateAndSetChildDomain (51ms)
	RebuildCommonClasses (40ms)
	RebuildNativeTypeToScriptingClass (12ms)
	initialDomainReloadingComplete (56ms)
	LoadAllAssembliesAndSetupDomain (308ms)
		LoadAssemblies (432ms)
		RebuildTransferFunctionScriptingTraits (0ms)
		AnalyzeDomain (15ms)
			TypeCache.Refresh (8ms)
				TypeCache.ScanAssembly (0ms)
			ScanForSourceGeneratedMonoScriptInfo (0ms)
			ResolveRequiredComponents (5ms)
	FinalizeReload (1500ms)
		ReleaseScriptCaches (0ms)
		RebuildScriptCaches (0ms)
		SetupLoadedEditorAssemblies (628ms)
			LogAssemblyErrors (0ms)
			InitializePlatformSupportModulesInManaged (8ms)
			SetLoadedEditorAssemblies (4ms)
			RefreshPlugins (0ms)
			BeforeProcessingInitializeOnLoad (90ms)
			ProcessInitializeOnLoadAttributes (477ms)
			ProcessInitializeOnLoadMethodAttributes (22ms)
			AfterProcessingInitializeOnLoad (27ms)
			EditorAssembliesLoaded (0ms)
		ExecutionOrderSort2 (0ms)
		AwakeInstancesAfterBackupRestoration (12ms)
Refreshing native plugins compatible for Editor in 7.76 ms, found 3 plugins.
Preloading 0 native plugins for Editor in 0.00 ms.
Unloading 3073 Unused Serialized files (Serialized files now loaded: 0)
Unloading 22 unused Assets / (30.5 KB). Loaded Objects now: 3661.
Memory consumption went from 121.0 MB to 121.0 MB.
Total: 3.183700 ms (FindLiveObjects: 0.327000 ms CreateObjectMapping: 0.108000 ms MarkObjects: 2.640700 ms  DeleteObjects: 0.106700 ms)

Prepare: number of updated asset objects reloaded= 0
AssetImportParameters requested are different than current active one (requested -> active):
  custom:container-demuxer-ogg: 62fdf1f143b41e24485cea50d1cbac27 -> 
  custom:video-codec-MediaFoundation-h265: 746d11721c4dcdbdad8f713fa42b33f4 -> 
  custom:video-decoder-ogg-theora: a1e56fd34408186e4bbccfd4996cb3dc -> 
  custom:framework-win-MediaFoundation: 216162199b28c13a410421893ffa2e32 -> 
  custom:CustomObjectIndexerAttribute: 756ad292c208cfabdd7b50bc23989ffe -> 
  custom:container-demuxer-webm: 4f35f7cbe854078d1ac9338744f61a02 -> 
  custom:container-muxer-webm: aa71ff27fc2769a1b78a27578f13a17b -> 
  custom:video-decoder-webm-vp8: 9c59270c3fd7afecdb556c50c9e8de78 -> 
  custom:SearchIndexIgnoredProperties: e643bd26f0fe6173181afceb89e7c659 -> 
  custom:AudioImporter_EditorPlatform: d09bf68614088b80899f8185d706f6e7 -> 
  custom:video-encoder-webm-vp8: eb34c28f22e8b96e1ab97ce403110664 -> 
  custom:audio-decoder-ogg-vorbis: bf7c407c2cedff20999df2af8eb42d56 -> 
  custom:audio-encoder-webm-vorbis: bf7c407c2cedff20999df2af8eb42d56 -> 
========================================================================
Received Prepare
Begin MonoManager ReloadAssembly
- Loaded All Assemblies, in  0.648 seconds
Refreshing native plugins compatible for Editor in 8.26 ms, found 3 plugins.
Native extension for WindowsStandalone target not found
[Package Manager] Server::EnsureServerProcessIsRunning -- launch failed, reason: Unity was launched with the -noUpm command-line argument
[Package Manager] UpmClient::Send -- Unable to send message (not connected to UPM process).
[Package Manager] Cannot connect to Unity Package Manager local server
Mono: successfully reloaded assembly
- Finished resetting the current domain, in  1.528 seconds
Domain Reload Profiling: 2165ms
	BeginReloadAssembly (245ms)
		ExecutionOrderSort (0ms)
		DisableScriptedObjects (6ms)
		BackupInstance (0ms)
		ReleaseScriptingObjects (0ms)
		CreateAndSetChildDomain (51ms)
	RebuildCommonClasses (37ms)
	RebuildNativeTypeToScriptingClass (12ms)
	initialDomainReloadingComplete (61ms)
	LoadAllAssembliesAndSetupDomain (281ms)
		LoadAssemblies (401ms)
		RebuildTransferFunctionScriptingTraits (0ms)
		AnalyzeDomain (16ms)
			TypeCache.Refresh (9ms)
				TypeCache.ScanAssembly (0ms)
			ScanForSourceGeneratedMonoScriptInfo (0ms)
			ResolveRequiredComponents (5ms)
	FinalizeReload (1529ms)
		ReleaseScriptCaches (0ms)
		RebuildScriptCaches (0ms)
		SetupLoadedEditorAssemblies (630ms)
			LogAssemblyErrors (0ms)
			InitializePlatformSupportModulesInManaged (7ms)
			SetLoadedEditorAssemblies (5ms)
			RefreshPlugins (0ms)
			BeforeProcessingInitializeOnLoad (92ms)
			ProcessInitializeOnLoadAttributes (481ms)
			ProcessInitializeOnLoadMethodAttributes (24ms)
			AfterProcessingInitializeOnLoad (21ms)
			EditorAssembliesLoaded (0ms)
		ExecutionOrderSort2 (0ms)
		AwakeInstancesAfterBackupRestoration (12ms)
Refreshing native plugins compatible for Editor in 7.20 ms, found 3 plugins.
Preloading 0 native plugins for Editor in 0.00 ms.
Unloading 3074 Unused Serialized files (Serialized files now loaded: 0)
Unloading 22 unused Assets / (30.5 KB). Loaded Objects now: 3664.
Memory consumption went from 121.3 MB to 121.3 MB.
Total: 3.042700 ms (FindLiveObjects: 0.294700 ms CreateObjectMapping: 0.112400 ms MarkObjects: 2.588600 ms  DeleteObjects: 0.046000 ms)

Prepare: number of updated asset objects reloaded= 0
AssetImportParameters requested are different than current active one (requested -> active):
  custom:container-demuxer-ogg: 62fdf1f143b41e24485cea50d1cbac27 -> 
  custom:video-codec-MediaFoundation-h265: 746d11721c4dcdbdad8f713fa42b33f4 -> 
  custom:video-decoder-ogg-theora: a1e56fd34408186e4bbccfd4996cb3dc -> 
  custom:framework-win-MediaFoundation: 216162199b28c13a410421893ffa2e32 -> 
  custom:CustomObjectIndexerAttribute: 756ad292c208cfabdd7b50bc23989ffe -> 
  custom:container-demuxer-webm: 4f35f7cbe854078d1ac9338744f61a02 -> 
  custom:container-muxer-webm: aa71ff27fc2769a1b78a27578f13a17b -> 
  custom:video-decoder-webm-vp8: 9c59270c3fd7afecdb556c50c9e8de78 -> 
  custom:SearchIndexIgnoredProperties: e643bd26f0fe6173181afceb89e7c659 -> 
  custom:AudioImporter_EditorPlatform: d09bf68614088b80899f8185d706f6e7 -> 
  custom:video-encoder-webm-vp8: eb34c28f22e8b96e1ab97ce403110664 -> 
  custom:audio-decoder-ogg-vorbis: bf7c407c2cedff20999df2af8eb42d56 -> 
  custom:audio-encoder-webm-vorbis: bf7c407c2cedff20999df2af8eb42d56 -> 
========================================================================
Received Prepare
Begin MonoManager ReloadAssembly
- Loaded All Assemblies, in  0.642 seconds
Refreshing native plugins compatible for Editor in 8.90 ms, found 3 plugins.
Native extension for WindowsStandalone target not found
[Package Manager] Server::EnsureServerProcessIsRunning -- launch failed, reason: Unity was launched with the -noUpm command-line argument
[Package Manager] UpmClient::Send -- Unable to send message (not connected to UPM process).
[Package Manager] Cannot connect to Unity Package Manager local server
Mono: successfully reloaded assembly
- Finished resetting the current domain, in  1.529 seconds
Domain Reload Profiling: 2158ms
	BeginReloadAssembly (237ms)
		ExecutionOrderSort (0ms)
		DisableScriptedObjects (6ms)
		BackupInstance (0ms)
		ReleaseScriptingObjects (0ms)
		CreateAndSetChildDomain (47ms)
	RebuildCommonClasses (37ms)
	RebuildNativeTypeToScriptingClass (13ms)
	initialDomainReloadingComplete (56ms)
	LoadAllAssembliesAndSetupDomain (284ms)
		LoadAssemblies (403ms)
		RebuildTransferFunctionScriptingTraits (0ms)
		AnalyzeDomain (20ms)
			TypeCache.Refresh (10ms)
				TypeCache.ScanAssembly (0ms)
			ScanForSourceGeneratedMonoScriptInfo (0ms)
			ResolveRequiredComponents (7ms)
	FinalizeReload (1530ms)
		ReleaseScriptCaches (0ms)
		RebuildScriptCaches (0ms)
		SetupLoadedEditorAssemblies (643ms)
			LogAssemblyErrors (0ms)
			InitializePlatformSupportModulesInManaged (7ms)
			SetLoadedEditorAssemblies (6ms)
			RefreshPlugins (0ms)
			BeforeProcessingInitializeOnLoad (92ms)
			ProcessInitializeOnLoadAttributes (489ms)
			ProcessInitializeOnLoadMethodAttributes (22ms)
			AfterProcessingInitializeOnLoad (26ms)
			EditorAssembliesLoaded (0ms)
		ExecutionOrderSort2 (0ms)
		AwakeInstancesAfterBackupRestoration (12ms)
Refreshing native plugins compatible for Editor in 7.53 ms, found 3 plugins.
Preloading 0 native plugins for Editor in 0.00 ms.
Unloading 3074 Unused Serialized files (Serialized files now loaded: 0)
Unloading 22 unused Assets / (30.5 KB). Loaded Objects now: 3667.
Memory consumption went from 121.3 MB to 121.3 MB.
Total: 4.227600 ms (FindLiveObjects: 0.351800 ms CreateObjectMapping: 0.124700 ms MarkObjects: 3.692900 ms  DeleteObjects: 0.057200 ms)

Prepare: number of updated asset objects reloaded= 0
AssetImportParameters requested are different than current active one (requested -> active):
  custom:container-demuxer-ogg: 62fdf1f143b41e24485cea50d1cbac27 -> 
  custom:video-codec-MediaFoundation-h265: 746d11721c4dcdbdad8f713fa42b33f4 -> 
  custom:video-decoder-ogg-theora: a1e56fd34408186e4bbccfd4996cb3dc -> 
  custom:framework-win-MediaFoundation: 216162199b28c13a410421893ffa2e32 -> 
  custom:CustomObjectIndexerAttribute: 756ad292c208cfabdd7b50bc23989ffe -> 
  custom:container-demuxer-webm: 4f35f7cbe854078d1ac9338744f61a02 -> 
  custom:container-muxer-webm: aa71ff27fc2769a1b78a27578f13a17b -> 
  custom:video-decoder-webm-vp8: 9c59270c3fd7afecdb556c50c9e8de78 -> 
  custom:SearchIndexIgnoredProperties: e643bd26f0fe6173181afceb89e7c659 -> 
  custom:AudioImporter_EditorPlatform: d09bf68614088b80899f8185d706f6e7 -> 
  custom:video-encoder-webm-vp8: eb34c28f22e8b96e1ab97ce403110664 -> 
  custom:audio-decoder-ogg-vorbis: bf7c407c2cedff20999df2af8eb42d56 -> 
  custom:audio-encoder-webm-vorbis: bf7c407c2cedff20999df2af8eb42d56 -> 
